<?xml version="1.0" encoding="UTF-8"?>
<testng-results skipped="0" failed="0" total="1" passed="1">
  <reporter-output>
  </reporter-output>
  <suite name="Identity-Scenario-Results" duration-ms="1151" started-at="2018-12-17T14:02:15Z" finished-at="2018-12-17T14:02:16Z">
    <groups>
    </groups>
    <test name="is-usr-mgt-scim1" duration-ms="1151" started-at="2018-12-17T14:02:15Z" finished-at="2018-12-17T14:02:16Z">
      <class name="org.wso2.identity.scenarios.test.scim.ProvisionUserAdminRightsTestCase">
        <test-method status="PASS" signature="testInit()[pri:0, instance:org.wso2.identity.scenarios.test.scim.ProvisionUserAdminRightsTestCase@29774679]" name="testInit" is-config="true" duration-ms="1046" started-at="2018-12-17T19:32:15Z" finished-at="2018-12-17T19:32:16Z">
          <reporter-output>
          </reporter-output>
        </test-method> <!-- testInit -->
        <test-method status="PASS" signature="testCreateAdminUser()[pri:0, instance:org.wso2.identity.scenarios.test.scim.ProvisionUserAdminRightsTestCase@29774679]" name="testCreateAdminUser" duration-ms="26" started-at="2018-12-17T19:32:16Z" description="1.1.2.1.1.19" finished-at="2018-12-17T19:32:16Z">
          <reporter-output>
          </reporter-output>
        </test-method> <!-- testCreateAdminUser -->
        <test-method status="PASS" signature="cleanUp()[pri:0, instance:org.wso2.identity.scenarios.test.scim.ProvisionUserAdminRightsTestCase@29774679]" name="cleanUp" is-config="true" duration-ms="69" started-at="2018-12-17T19:32:16Z" finished-at="2018-12-17T19:32:16Z">
          <reporter-output>
          </reporter-output>
        </test-method> <!-- cleanUp -->
      </class> <!-- org.wso2.identity.scenarios.test.scim.ProvisionUserAdminRightsTestCase -->
    </test> <!-- is-usr-mgt-scim1 -->
  </suite> <!-- Identity-Scenario-Results -->
</testng-results>
