<?xml version="1.0" encoding="UTF-8"?>
<testng-results skipped="0" failed="0" total="1" passed="1">
  <reporter-output>
  </reporter-output>
  <suite name="Identity-Scenario-Results" duration-ms="849" started-at="2018-12-19T15:31:47Z" finished-at="2018-12-19T15:31:47Z">
    <groups>
    </groups>
    <test name="is-usr-mgt-scim2" duration-ms="849" started-at="2018-12-19T15:31:47Z" finished-at="2018-12-19T15:31:47Z">
      <class name="org.wso2.identity.scenarios.test.user.mgt.remote.ProvisionUserSOAPServiceTestCase">
        <test-method status="PASS" signature="testInit()[pri:0, instance:org.wso2.identity.scenarios.test.user.mgt.remote.ProvisionUserSOAPServiceTestCase@63753b6d]" name="testInit" is-config="true" duration-ms="776" started-at="2018-12-19T21:01:47Z" finished-at="2018-12-19T21:01:47Z">
          <reporter-output>
          </reporter-output>
        </test-method> <!-- testInit -->
        <test-method status="PASS" signature="testAddUser()[pri:0, instance:org.wso2.identity.scenarios.test.user.mgt.remote.ProvisionUserSOAPServiceTestCase@63753b6d]" name="testAddUser" duration-ms="40" started-at="2018-12-19T21:01:47Z" description="1.2.3.1 adding a user" finished-at="2018-12-19T21:01:47Z">
          <reporter-output>
          </reporter-output>
        </test-method> <!-- testAddUser -->
        <test-method status="PASS" signature="cleanUp()[pri:0, instance:org.wso2.identity.scenarios.test.user.mgt.remote.ProvisionUserSOAPServiceTestCase@63753b6d]" name="cleanUp" is-config="true" duration-ms="22" started-at="2018-12-19T21:01:47Z" finished-at="2018-12-19T21:01:47Z">
          <reporter-output>
          </reporter-output>
        </test-method> <!-- cleanUp -->
      </class> <!-- org.wso2.identity.scenarios.test.user.mgt.remote.ProvisionUserSOAPServiceTestCase -->
    </test> <!-- is-usr-mgt-scim2 -->
  </suite> <!-- Identity-Scenario-Results -->
</testng-results>
